{"numFailedTestSuites":2,"numFailedTests":4,"numPassedTestSuites":6,"numPassedTests":126,"numPendingTestSuites":2,"numPendingTests":2,"numRuntimeErrorTestSuites":0,"numTodoTests":0,"numTotalTestSuites":10,"numTotalTests":132,"openHandles":[],"snapshot":{"added":0,"didUpdate":false,"failure":false,"filesAdded":0,"filesRemoved":0,"filesRemovedList":[],"filesUnmatched":0,"filesUpdated":0,"matched":0,"total":0,"unchecked":0,"uncheckedKeysByFile":[],"unmatched":0,"updated":0},"startTime":1764828411757,"success":false,"testResults":[{"assertionResults":[{"ancestorTitles":["POST /api/public/fcm-token"],"duration":32,"failing":false,"failureDetails":[],"failureMessages":[],"fullName":"POST /api/public/fcm-token returns 400 when missing phone or fcmToken","invocations":1,"location":null,"numPassingAsserts":2,"retryReasons":[],"startAt":1764828413140,"status":"passed","title":"returns 400 when missing phone or fcmToken"},{"ancestorTitles":["POST /api/public/fcm-token"],"duration":10041,"failing":false,"failureDetails":[{"matcherResult":{"actual":500,"expected":201,"message":"\u001b[2mexpect(\u001b[22m\u001b[31mreceived\u001b[39m\u001b[2m).\u001b[22mtoBe\u001b[2m(\u001b[22m\u001b[32mexpected\u001b[39m\u001b[2m) // Object.is equality\u001b[22m\n\nExpected: \u001b[32m201\u001b[39m\nReceived: \u001b[31m500\u001b[39m","name":"toBe","pass":false}}],"failureMessages":["Error: \u001b[2mexpect(\u001b[22m\u001b[31mreceived\u001b[39m\u001b[2m).\u001b[22mtoBe\u001b[2m(\u001b[22m\u001b[32mexpected\u001b[39m\u001b[2m) // Object.is equality\u001b[22m\n\nExpected: \u001b[32m201\u001b[39m\nReceived: \u001b[31m500\u001b[39m\n    at Object.toBe (C:\\Users\\indcr\\OneDrive\\Desktop\\backend_server\\tests\\fcmToken.test.js:27:28)\n    at processTicksAndRejections (node:internal/process/task_queues:95:5)"],"fullName":"POST /api/public/fcm-token persists a token and returns 201 with id","invocations":1,"location":null,"numPassingAsserts":0,"retryReasons":[],"startAt":1764828413174,"status":"failed","title":"persists a token and returns 201 with id"},{"ancestorTitles":["POST /api/public/fcm-token"],"duration":10025,"failing":false,"failureDetails":[{"matcherResult":{"actual":500,"expected":201,"message":"\u001b[2mexpect(\u001b[22m\u001b[31mreceived\u001b[39m\u001b[2m).\u001b[22mtoBe\u001b[2m(\u001b[22m\u001b[32mexpected\u001b[39m\u001b[2m) // Object.is equality\u001b[22m\n\nExpected: \u001b[32m201\u001b[39m\nReceived: \u001b[31m500\u001b[39m","name":"toBe","pass":false}}],"failureMessages":["Error: \u001b[2mexpect(\u001b[22m\u001b[31mreceived\u001b[39m\u001b[2m).\u001b[22mtoBe\u001b[2m(\u001b[22m\u001b[32mexpected\u001b[39m\u001b[2m) // Object.is equality\u001b[22m\n\nExpected: \u001b[32m201\u001b[39m\nReceived: \u001b[31m500\u001b[39m\n    at Object.toBe (C:\\Users\\indcr\\OneDrive\\Desktop\\backend_server\\tests\\fcmToken.test.js:47:29)\n    at processTicksAndRejections (node:internal/process/task_queues:95:5)"],"fullName":"POST /api/public/fcm-token updates existing record when same fcmToken is sent again","invocations":1,"location":null,"numPassingAsserts":0,"retryReasons":[],"startAt":1764828423216,"status":"failed","title":"updates existing record when same fcmToken is sent again"},{"ancestorTitles":["POST /api/public/fcm-token"],"duration":20037,"failing":false,"failureDetails":[{"matcherResult":{"actual":500,"expected":201,"message":"\u001b[2mexpect(\u001b[22m\u001b[31mreceived\u001b[39m\u001b[2m).\u001b[22mtoBe\u001b[2m(\u001b[22m\u001b[32mexpected\u001b[39m\u001b[2m) // Object.is equality\u001b[22m\n\nExpected: \u001b[32m201\u001b[39m\nReceived: \u001b[31m500\u001b[39m","name":"toBe","pass":false}}],"failureMessages":["Error: \u001b[2mexpect(\u001b[22m\u001b[31mreceived\u001b[39m\u001b[2m).\u001b[22mtoBe\u001b[2m(\u001b[22m\u001b[32mexpected\u001b[39m\u001b[2m) // Object.is equality\u001b[22m\n\nExpected: \u001b[32m201\u001b[39m\nReceived: \u001b[31m500\u001b[39m\n    at Object.toBe (C:\\Users\\indcr\\OneDrive\\Desktop\\backend_server\\tests\\fcmToken.test.js:66:27)\n    at processTicksAndRejections (node:internal/process/task_queues:95:5)"],"fullName":"POST /api/public/fcm-token allows multiple tokens for same phone (different deviceIds)","invocations":1,"location":null,"numPassingAsserts":0,"retryReasons":[],"startAt":1764828433242,"status":"failed","title":"allows multiple tokens for same phone (different deviceIds)"}],"endTime":1764828453290,"message":"\u001b[1m\u001b[31m  \u001b[1m● \u001b[22m\u001b[1mPOST /api/public/fcm-token › persists a token and returns 201 with id\u001b[39m\u001b[22m\n\n    \u001b[2mexpect(\u001b[22m\u001b[31mreceived\u001b[39m\u001b[2m).\u001b[22mtoBe\u001b[2m(\u001b[22m\u001b[32mexpected\u001b[39m\u001b[2m) // Object.is equality\u001b[22m\n\n    Expected: \u001b[32m201\u001b[39m\n    Received: \u001b[31m500\u001b[39m\n\u001b[2m\u001b[22m\n\u001b[2m    \u001b[0m \u001b[90m 25 |\u001b[39m\u001b[22m\n\u001b[2m     \u001b[90m 26 |\u001b[39m     \u001b[36mconst\u001b[39m res \u001b[33m=\u001b[39m \u001b[36mawait\u001b[39m request(app)\u001b[33m.\u001b[39mpost(\u001b[32m'/api/public/fcm-token'\u001b[39m)\u001b[33m.\u001b[39msend(payload)\u001b[33m;\u001b[39m\u001b[22m\n\u001b[2m    \u001b[31m\u001b[1m>\u001b[22m\u001b[2m\u001b[39m\u001b[90m 27 |\u001b[39m     expect(res\u001b[33m.\u001b[39mstatusCode)\u001b[33m.\u001b[39mtoBe(\u001b[35m201\u001b[39m)\u001b[33m;\u001b[39m\u001b[22m\n\u001b[2m     \u001b[90m    |\u001b[39m                            \u001b[31m\u001b[1m^\u001b[22m\u001b[2m\u001b[39m\u001b[22m\n\u001b[2m     \u001b[90m 28 |\u001b[39m     expect(res\u001b[33m.\u001b[39mbody\u001b[33m.\u001b[39mstatus)\u001b[33m.\u001b[39mtoBe(\u001b[32m'ok'\u001b[39m)\u001b[33m;\u001b[39m\u001b[22m\n\u001b[2m     \u001b[90m 29 |\u001b[39m     expect(res\u001b[33m.\u001b[39mbody\u001b[33m.\u001b[39mid)\u001b[33m.\u001b[39mtoBeTruthy()\u001b[33m;\u001b[39m\u001b[22m\n\u001b[2m     \u001b[90m 30 |\u001b[39m\u001b[0m\u001b[22m\n\u001b[2m\u001b[22m\n\u001b[2m      \u001b[2mat Object.toBe (\u001b[22m\u001b[2m\u001b[0m\u001b[36mtests/fcmToken.test.js\u001b[39m\u001b[0m\u001b[2m:27:28)\u001b[22m\u001b[2m\u001b[22m\n\n\u001b[1m\u001b[31m  \u001b[1m● \u001b[22m\u001b[1mPOST /api/public/fcm-token › updates existing record when same fcmToken is sent again\u001b[39m\u001b[22m\n\n    \u001b[2mexpect(\u001b[22m\u001b[31mreceived\u001b[39m\u001b[2m).\u001b[22mtoBe\u001b[2m(\u001b[22m\u001b[32mexpected\u001b[39m\u001b[2m) // Object.is equality\u001b[22m\n\n    Expected: \u001b[32m201\u001b[39m\n    Received: \u001b[31m500\u001b[39m\n\u001b[2m\u001b[22m\n\u001b[2m    \u001b[0m \u001b[90m 45 |\u001b[39m\u001b[22m\n\u001b[2m     \u001b[90m 46 |\u001b[39m     \u001b[36mconst\u001b[39m res1 \u001b[33m=\u001b[39m \u001b[36mawait\u001b[39m request(app)\u001b[33m.\u001b[39mpost(\u001b[32m'/api/public/fcm-token'\u001b[39m)\u001b[33m.\u001b[39msend(payload)\u001b[33m;\u001b[39m\u001b[22m\n\u001b[2m    \u001b[31m\u001b[1m>\u001b[22m\u001b[2m\u001b[39m\u001b[90m 47 |\u001b[39m     expect(res1\u001b[33m.\u001b[39mstatusCode)\u001b[33m.\u001b[39mtoBe(\u001b[35m201\u001b[39m)\u001b[33m;\u001b[39m\u001b[22m\n\u001b[2m     \u001b[90m    |\u001b[39m                             \u001b[31m\u001b[1m^\u001b[22m\u001b[2m\u001b[39m\u001b[22m\n\u001b[2m     \u001b[90m 48 |\u001b[39m\u001b[22m\n\u001b[2m     \u001b[90m 49 |\u001b[39m     \u001b[90m// Send again with different phone - should update same record (by fcmToken)\u001b[39m\u001b[22m\n\u001b[2m     \u001b[90m 50 |\u001b[39m     \u001b[36mconst\u001b[39m res2 \u001b[33m=\u001b[39m \u001b[36mawait\u001b[39m request(app)\u001b[33m.\u001b[39mpost(\u001b[32m'/api/public/fcm-token'\u001b[39m)\u001b[33m.\u001b[39msend({ \u001b[33m...\u001b[39mpayload\u001b[33m,\u001b[39m phone\u001b[33m:\u001b[39m \u001b[32m'+919000000000'\u001b[39m })\u001b[33m;\u001b[39m\u001b[0m\u001b[22m\n\u001b[2m\u001b[22m\n\u001b[2m      \u001b[2mat Object.toBe (\u001b[22m\u001b[2m\u001b[0m\u001b[36mtests/fcmToken.test.js\u001b[39m\u001b[0m\u001b[2m:47:29)\u001b[22m\u001b[2m\u001b[22m\n\n\u001b[1m\u001b[31m  \u001b[1m● \u001b[22m\u001b[1mPOST /api/public/fcm-token › allows multiple tokens for same phone (different deviceIds)\u001b[39m\u001b[22m\n\n    \u001b[2mexpect(\u001b[22m\u001b[31mreceived\u001b[39m\u001b[2m).\u001b[22mtoBe\u001b[2m(\u001b[22m\u001b[32mexpected\u001b[39m\u001b[2m) // Object.is equality\u001b[22m\n\n    Expected: \u001b[32m201\u001b[39m\n    Received: \u001b[31m500\u001b[39m\n\u001b[2m\u001b[22m\n\u001b[2m    \u001b[0m \u001b[90m 64 |\u001b[39m     \u001b[36mconst\u001b[39m r2 \u001b[33m=\u001b[39m \u001b[36mawait\u001b[39m request(app)\u001b[33m.\u001b[39mpost(\u001b[32m'/api/public/fcm-token'\u001b[39m)\u001b[33m.\u001b[39msend(p2)\u001b[33m;\u001b[39m\u001b[22m\n\u001b[2m     \u001b[90m 65 |\u001b[39m\u001b[22m\n\u001b[2m    \u001b[31m\u001b[1m>\u001b[22m\u001b[2m\u001b[39m\u001b[90m 66 |\u001b[39m     expect(r1\u001b[33m.\u001b[39mstatusCode)\u001b[33m.\u001b[39mtoBe(\u001b[35m201\u001b[39m)\u001b[33m;\u001b[39m\u001b[22m\n\u001b[2m     \u001b[90m    |\u001b[39m                           \u001b[31m\u001b[1m^\u001b[22m\u001b[2m\u001b[39m\u001b[22m\n\u001b[2m     \u001b[90m 67 |\u001b[39m     expect(r2\u001b[33m.\u001b[39mstatusCode)\u001b[33m.\u001b[39mtoBe(\u001b[35m201\u001b[39m)\u001b[33m;\u001b[39m\u001b[22m\n\u001b[2m     \u001b[90m 68 |\u001b[39m\u001b[22m\n\u001b[2m     \u001b[90m 69 |\u001b[39m     \u001b[36mconst\u001b[39m docs \u001b[33m=\u001b[39m \u001b[36mawait\u001b[39m \u001b[33mPreSignupFcmToken\u001b[39m\u001b[33m.\u001b[39mfind({ phone })\u001b[33m.\u001b[39mlean()\u001b[33m;\u001b[39m\u001b[0m\u001b[22m\n\u001b[2m\u001b[22m\n\u001b[2m      \u001b[2mat Object.toBe (\u001b[22m\u001b[2m\u001b[0m\u001b[36mtests/fcmToken.test.js\u001b[39m\u001b[0m\u001b[2m:66:27)\u001b[22m\u001b[2m\u001b[22m\n","name":"C:\\Users\\indcr\\OneDrive\\Desktop\\backend_server\\tests\\fcmToken.test.js","startTime":1764828411820,"status":"failed","summary":""},{"assertionResults":[{"ancestorTitles":["Module 3: Payment & OTP Endpoints","POST /api/orders/:orderId/payment-request"],"duration":256,"failing":false,"failureDetails":[{"matcherResult":{"actual":"","expected":"Additional charges","message":"\u001b[2mexpect(\u001b[22m\u001b[31mreceived\u001b[39m\u001b[2m).\u001b[22mtoBe\u001b[2m(\u001b[22m\u001b[32mexpected\u001b[39m\u001b[2m) // Object.is equality\u001b[22m\n\nExpected: \u001b[32m\"Additional charges\"\u001b[39m\nReceived: \u001b[31m\"\"\u001b[39m","name":"toBe","pass":false}}],"failureMessages":["Error: \u001b[2mexpect(\u001b[22m\u001b[31mreceived\u001b[39m\u001b[2m).\u001b[22mtoBe\u001b[2m(\u001b[22m\u001b[32mexpected\u001b[39m\u001b[2m) // Object.is equality\u001b[22m\n\nExpected: \u001b[32m\"Additional charges\"\u001b[39m\nReceived: \u001b[31m\"\"\u001b[39m\n    at Object.toBe (C:\\Users\\indcr\\OneDrive\\Desktop\\backend_server\\tests\\paymentOtp.test.js:81:53)\n    at processTicksAndRejections (node:internal/process/task_queues:95:5)"],"fullName":"Module 3: Payment & OTP Endpoints POST /api/orders/:orderId/payment-request should create payment request successfully","invocations":1,"location":null,"numPassingAsserts":7,"retryReasons":[],"startAt":1764828454202,"status":"failed","title":"should create payment request successfully"},{"ancestorTitles":["Module 3: Payment & OTP Endpoints","POST /api/orders/:orderId/payment-request"],"duration":141,"failing":false,"failureDetails":[],"failureMessages":[],"fullName":"Module 3: Payment & OTP Endpoints POST /api/orders/:orderId/payment-request should auto-confirm payment when autoConfirm=true","invocations":1,"location":null,"numPassingAsserts":9,"retryReasons":[],"startAt":1764828454477,"status":"passed","title":"should auto-confirm payment when autoConfirm=true"},{"ancestorTitles":["Module 3: Payment & OTP Endpoints","POST /api/orders/:orderId/payment-request"],"duration":24,"failing":false,"failureDetails":[],"failureMessages":[],"fullName":"Module 3: Payment & OTP Endpoints POST /api/orders/:orderId/payment-request should default to INR currency when not provided","invocations":1,"location":null,"numPassingAsserts":2,"retryReasons":[],"startAt":1764828454619,"status":"passed","title":"should default to INR currency when not provided"},{"ancestorTitles":["Module 3: Payment & OTP Endpoints","POST /api/orders/:orderId/payment-request"],"duration":18,"failing":false,"failureDetails":[],"failureMessages":[],"fullName":"Module 3: Payment & OTP Endpoints POST /api/orders/:orderId/payment-request should reject invalid amount (zero)","invocations":1,"location":null,"numPassingAsserts":3,"retryReasons":[],"startAt":1764828454643,"status":"passed","title":"should reject invalid amount (zero)"},{"ancestorTitles":["Module 3: Payment & OTP Endpoints","POST /api/orders/:orderId/payment-request"],"duration":19,"failing":false,"failureDetails":[],"failureMessages":[],"fullName":"Module 3: Payment & OTP Endpoints POST /api/orders/:orderId/payment-request should reject invalid amount (negative)","invocations":1,"location":null,"numPassingAsserts":3,"retryReasons":[],"startAt":1764828454662,"status":"passed","title":"should reject invalid amount (negative)"},{"ancestorTitles":["Module 3: Payment & OTP Endpoints","POST /api/orders/:orderId/payment-request"],"duration":20,"failing":false,"failureDetails":[],"failureMessages":[],"fullName":"Module 3: Payment & OTP Endpoints POST /api/orders/:orderId/payment-request should reject invalid amount (not a number)","invocations":1,"location":null,"numPassingAsserts":3,"retryReasons":[],"startAt":1764828454681,"status":"passed","title":"should reject invalid amount (not a number)"},{"ancestorTitles":["Module 3: Payment & OTP Endpoints","POST /api/orders/:orderId/payment-request"],"duration":18,"failing":false,"failureDetails":[],"failureMessages":[],"fullName":"Module 3: Payment & OTP Endpoints POST /api/orders/:orderId/payment-request should return 404 for non-existent order","invocations":1,"location":null,"numPassingAsserts":3,"retryReasons":[],"startAt":1764828454701,"status":"passed","title":"should return 404 for non-existent order"},{"ancestorTitles":["Module 3: Payment & OTP Endpoints","POST /api/orders/:orderId/payment-request"],"duration":34,"failing":false,"failureDetails":[],"failureMessages":[],"fullName":"Module 3: Payment & OTP Endpoints POST /api/orders/:orderId/payment-request should allow multiple payment requests on same order","invocations":1,"location":null,"numPassingAsserts":2,"retryReasons":[],"startAt":1764828454719,"status":"passed","title":"should allow multiple payment requests on same order"},{"ancestorTitles":["Module 3: Payment & OTP Endpoints","POST /api/orders/:orderId/request-otp"],"duration":106,"failing":false,"failureDetails":[],"failureMessages":[],"fullName":"Module 3: Payment & OTP Endpoints POST /api/orders/:orderId/request-otp should create OTP for arrival purpose","invocations":1,"location":null,"numPassingAsserts":11,"retryReasons":[],"startAt":1764828454754,"status":"passed","title":"should create OTP for arrival purpose"},{"ancestorTitles":["Module 3: Payment & OTP Endpoints","POST /api/orders/:orderId/request-otp"],"duration":93,"failing":false,"failureDetails":[],"failureMessages":[],"fullName":"Module 3: Payment & OTP Endpoints POST /api/orders/:orderId/request-otp should create OTP for completion purpose","invocations":1,"location":null,"numPassingAsserts":2,"retryReasons":[],"startAt":1764828454861,"status":"passed","title":"should create OTP for completion purpose"},{"ancestorTitles":["Module 3: Payment & OTP Endpoints","POST /api/orders/:orderId/request-otp"],"duration":95,"failing":false,"failureDetails":[],"failureMessages":[],"fullName":"Module 3: Payment & OTP Endpoints POST /api/orders/:orderId/request-otp should use default TTL of 300 seconds when not provided","invocations":1,"location":null,"numPassingAsserts":2,"retryReasons":[],"startAt":1764828454955,"status":"passed","title":"should use default TTL of 300 seconds when not provided"},{"ancestorTitles":["Module 3: Payment & OTP Endpoints","POST /api/orders/:orderId/request-otp"],"duration":88,"failing":false,"failureDetails":[],"failureMessages":[],"fullName":"Module 3: Payment & OTP Endpoints POST /api/orders/:orderId/request-otp should reject if OTP already exists and not expired","invocations":1,"location":null,"numPassingAsserts":4,"retryReasons":[],"startAt":1764828455051,"status":"passed","title":"should reject if OTP already exists and not expired"},{"ancestorTitles":["Module 3: Payment & OTP Endpoints","POST /api/orders/:orderId/request-otp"],"duration":158,"failing":false,"failureDetails":[],"failureMessages":[],"fullName":"Module 3: Payment & OTP Endpoints POST /api/orders/:orderId/request-otp should allow new OTP after previous one expired","invocations":1,"location":null,"numPassingAsserts":2,"retryReasons":[],"startAt":1764828455139,"status":"passed","title":"should allow new OTP after previous one expired"},{"ancestorTitles":["Module 3: Payment & OTP Endpoints","POST /api/orders/:orderId/request-otp"],"duration":14,"failing":false,"failureDetails":[],"failureMessages":[],"fullName":"Module 3: Payment & OTP Endpoints POST /api/orders/:orderId/request-otp should reject invalid purpose","invocations":1,"location":null,"numPassingAsserts":3,"retryReasons":[],"startAt":1764828455297,"status":"passed","title":"should reject invalid purpose"},{"ancestorTitles":["Module 3: Payment & OTP Endpoints","POST /api/orders/:orderId/request-otp"],"duration":26,"failing":false,"failureDetails":[],"failureMessages":[],"fullName":"Module 3: Payment & OTP Endpoints POST /api/orders/:orderId/request-otp should return 404 for non-existent order","invocations":1,"location":null,"numPassingAsserts":3,"retryReasons":[],"startAt":1764828455312,"status":"passed","title":"should return 404 for non-existent order"},{"ancestorTitles":["Module 3: Payment & OTP Endpoints","POST /api/orders/:orderId/verify-otp"],"duration":223,"failing":false,"failureDetails":[],"failureMessages":[],"fullName":"Module 3: Payment & OTP Endpoints POST /api/orders/:orderId/verify-otp should verify correct OTP and update status to arrival_confirmed","invocations":1,"location":null,"numPassingAsserts":6,"retryReasons":[],"startAt":1764828455339,"status":"passed","title":"should verify correct OTP and update status to arrival_confirmed"},{"ancestorTitles":["Module 3: Payment & OTP Endpoints","POST /api/orders/:orderId/verify-otp"],"duration":309,"failing":false,"failureDetails":[],"failureMessages":[],"fullName":"Module 3: Payment & OTP Endpoints POST /api/orders/:orderId/verify-otp should verify completion OTP and update status to completed","invocations":1,"location":null,"numPassingAsserts":4,"retryReasons":[],"startAt":1764828455562,"status":"passed","title":"should verify completion OTP and update status to completed"},{"ancestorTitles":["Module 3: Payment & OTP Endpoints","POST /api/orders/:orderId/verify-otp"],"duration":175,"failing":false,"failureDetails":[],"failureMessages":[],"fullName":"Module 3: Payment & OTP Endpoints POST /api/orders/:orderId/verify-otp should reject incorrect OTP","invocations":1,"location":null,"numPassingAsserts":4,"retryReasons":[],"startAt":1764828455871,"status":"passed","title":"should reject incorrect OTP"},{"ancestorTitles":["Module 3: Payment & OTP Endpoints","POST /api/orders/:orderId/verify-otp"],"duration":100,"failing":false,"failureDetails":[],"failureMessages":[],"fullName":"Module 3: Payment & OTP Endpoints POST /api/orders/:orderId/verify-otp should reject when OTP expired","invocations":1,"location":null,"numPassingAsserts":3,"retryReasons":[],"startAt":1764828456047,"status":"passed","title":"should reject when OTP expired"},{"ancestorTitles":["Module 3: Payment & OTP Endpoints","POST /api/orders/:orderId/verify-otp"],"duration":87,"failing":false,"failureDetails":[],"failureMessages":[],"fullName":"Module 3: Payment & OTP Endpoints POST /api/orders/:orderId/verify-otp should reject after too many attempts","invocations":1,"location":null,"numPassingAsserts":3,"retryReasons":[],"startAt":1764828456147,"status":"passed","title":"should reject after too many attempts"},{"ancestorTitles":["Module 3: Payment & OTP Endpoints","POST /api/orders/:orderId/verify-otp"],"duration":94,"failing":false,"failureDetails":[],"failureMessages":[],"fullName":"Module 3: Payment & OTP Endpoints POST /api/orders/:orderId/verify-otp should reject when purpose mismatch","invocations":1,"location":null,"numPassingAsserts":3,"retryReasons":[],"startAt":1764828456235,"status":"passed","title":"should reject when purpose mismatch"},{"ancestorTitles":["Module 3: Payment & OTP Endpoints","POST /api/orders/:orderId/verify-otp"],"duration":101,"failing":false,"failureDetails":[],"failureMessages":[],"fullName":"Module 3: Payment & OTP Endpoints POST /api/orders/:orderId/verify-otp should reject when no OTP exists","invocations":1,"location":null,"numPassingAsserts":3,"retryReasons":[],"startAt":1764828456330,"status":"passed","title":"should reject when no OTP exists"},{"ancestorTitles":["Module 3: Payment & OTP Endpoints","POST /api/orders/:orderId/verify-otp"],"duration":95,"failing":false,"failureDetails":[],"failureMessages":[],"fullName":"Module 3: Payment & OTP Endpoints POST /api/orders/:orderId/verify-otp should reject invalid OTP format","invocations":1,"location":null,"numPassingAsserts":3,"retryReasons":[],"startAt":1764828456432,"status":"passed","title":"should reject invalid OTP format"},{"ancestorTitles":["Module 3: Payment & OTP Endpoints","POST /api/orders/:orderId/verify-otp"],"duration":96,"failing":false,"failureDetails":[],"failureMessages":[],"fullName":"Module 3: Payment & OTP Endpoints POST /api/orders/:orderId/verify-otp should return 404 for non-existent order","invocations":1,"location":null,"numPassingAsserts":3,"retryReasons":[],"startAt":1764828456527,"status":"passed","title":"should return 404 for non-existent order"},{"ancestorTitles":["Module 3: Payment & OTP Endpoints","Regression: Existing Endpoints"],"duration":108,"failing":false,"failureDetails":[],"failureMessages":[],"fullName":"Module 3: Payment & OTP Endpoints Regression: Existing Endpoints GET /api/orders/:orderId should return payment requests and OTP","invocations":1,"location":null,"numPassingAsserts":6,"retryReasons":[],"startAt":1764828456623,"status":"passed","title":"GET /api/orders/:orderId should return payment requests and OTP"},{"ancestorTitles":["Module 3: Payment & OTP Endpoints","Regression: Existing Endpoints"],"duration":21,"failing":false,"failureDetails":[],"failureMessages":[],"fullName":"Module 3: Payment & OTP Endpoints Regression: Existing Endpoints GET /api/orders should still work with new status values","invocations":1,"location":null,"numPassingAsserts":3,"retryReasons":[],"startAt":1764828456732,"status":"passed","title":"GET /api/orders should still work with new status values"}],"endTime":1764828456940,"message":"\u001b[1m\u001b[31m  \u001b[1m● \u001b[22m\u001b[1mModule 3: Payment & OTP Endpoints › POST /api/orders/:orderId/payment-request › should create payment request successfully\u001b[39m\u001b[22m\n\n    \u001b[2mexpect(\u001b[22m\u001b[31mreceived\u001b[39m\u001b[2m).\u001b[22mtoBe\u001b[2m(\u001b[22m\u001b[32mexpected\u001b[39m\u001b[2m) // Object.is equality\u001b[22m\n\n    Expected: \u001b[32m\"Additional charges\"\u001b[39m\n    Received: \u001b[31m\"\"\u001b[39m\n\u001b[2m\u001b[22m\n\u001b[2m    \u001b[0m \u001b[90m 79 |\u001b[39m       expect(updatedOrder\u001b[33m.\u001b[39mpaymentRequests[\u001b[35m0\u001b[39m]\u001b[33m.\u001b[39mamount)\u001b[33m.\u001b[39mtoBe(\u001b[35m150\u001b[39m)\u001b[33m;\u001b[39m\u001b[22m\n\u001b[2m     \u001b[90m 80 |\u001b[39m       expect(updatedOrder\u001b[33m.\u001b[39mpaymentRequests[\u001b[35m0\u001b[39m]\u001b[33m.\u001b[39mcurrency)\u001b[33m.\u001b[39mtoBe(\u001b[32m'INR'\u001b[39m)\u001b[33m;\u001b[39m\u001b[22m\n\u001b[2m    \u001b[31m\u001b[1m>\u001b[22m\u001b[2m\u001b[39m\u001b[90m 81 |\u001b[39m       expect(updatedOrder\u001b[33m.\u001b[39mpaymentRequests[\u001b[35m0\u001b[39m]\u001b[33m.\u001b[39mnotes)\u001b[33m.\u001b[39mtoBe(\u001b[32m'Additional charges'\u001b[39m)\u001b[33m;\u001b[39m\u001b[22m\n\u001b[2m     \u001b[90m    |\u001b[39m                                                     \u001b[31m\u001b[1m^\u001b[22m\u001b[2m\u001b[39m\u001b[22m\n\u001b[2m     \u001b[90m 82 |\u001b[39m       expect(updatedOrder\u001b[33m.\u001b[39mpaymentRequests[\u001b[35m0\u001b[39m]\u001b[33m.\u001b[39mstatus)\u001b[33m.\u001b[39mtoBe(\u001b[32m'requested'\u001b[39m)\u001b[33m;\u001b[39m\u001b[22m\n\u001b[2m     \u001b[90m 83 |\u001b[39m       expect(updatedOrder\u001b[33m.\u001b[39mstatus)\u001b[33m.\u001b[39mtoBe(\u001b[32m'payment_requested'\u001b[39m)\u001b[33m;\u001b[39m\u001b[22m\n\u001b[2m     \u001b[90m 84 |\u001b[39m     })\u001b[33m;\u001b[39m\u001b[0m\u001b[22m\n\u001b[2m\u001b[22m\n\u001b[2m      \u001b[2mat Object.toBe (\u001b[22m\u001b[2m\u001b[0m\u001b[36mtests/paymentOtp.test.js\u001b[39m\u001b[0m\u001b[2m:81:53)\u001b[22m\u001b[2m\u001b[22m\n","name":"C:\\Users\\indcr\\OneDrive\\Desktop\\backend_server\\tests\\paymentOtp.test.js","startTime":1764828453314,"status":"failed","summary":""},{"assertionResults":[{"ancestorTitles":["GET /api/orders/fetchlist"],"duration":244,"failing":false,"failureDetails":[],"failureMessages":[],"fullName":"GET /api/orders/fetchlist should return 401 when no auth token provided","invocations":1,"location":null,"numPassingAsserts":1,"retryReasons":[],"startAt":1764828457783,"status":"passed","title":"should return 401 when no auth token provided"},{"ancestorTitles":["GET /api/orders/fetchlist"],"duration":62,"failing":false,"failureDetails":[],"failureMessages":[],"fullName":"GET /api/orders/fetchlist vendor cannot read other vendor orders","invocations":1,"location":null,"numPassingAsserts":7,"retryReasons":[],"startAt":1764828458028,"status":"passed","title":"vendor cannot read other vendor orders"},{"ancestorTitles":["GET /api/orders/fetchlist"],"duration":40,"failing":false,"failureDetails":[],"failureMessages":[],"fullName":"GET /api/orders/fetchlist initial load returns 5 newest orders (default limit)","invocations":1,"location":null,"numPassingAsserts":6,"retryReasons":[],"startAt":1764828458090,"status":"passed","title":"initial load returns 5 newest orders (default limit)"},{"ancestorTitles":["GET /api/orders/fetchlist"],"duration":34,"failing":false,"failureDetails":[],"failureMessages":[],"fullName":"GET /api/orders/fetchlist subsequent load with limit=10 returns next batch","invocations":1,"location":null,"numPassingAsserts":5,"retryReasons":[],"startAt":1764828458130,"status":"passed","title":"subsequent load with limit=10 returns next batch"},{"ancestorTitles":["GET /api/orders/fetchlist"],"duration":32,"failing":false,"failureDetails":[],"failureMessages":[],"fullName":"GET /api/orders/fetchlist orders are sorted newest to oldest","invocations":1,"location":null,"numPassingAsserts":8,"retryReasons":[],"startAt":1764828458164,"status":"passed","title":"orders are sorted newest to oldest"},{"ancestorTitles":["GET /api/orders/fetchlist"],"duration":33,"failing":false,"failureDetails":[],"failureMessages":[],"fullName":"GET /api/orders/fetchlist filter by status=completed","invocations":1,"location":null,"numPassingAsserts":6,"retryReasons":[],"startAt":1764828458196,"status":"passed","title":"filter by status=completed"},{"ancestorTitles":["GET /api/orders/fetchlist"],"duration":32,"failing":false,"failureDetails":[],"failureMessages":[],"fullName":"GET /api/orders/fetchlist filter by date range (from)","invocations":1,"location":null,"numPassingAsserts":5,"retryReasons":[],"startAt":1764828458230,"status":"passed","title":"filter by date range (from)"},{"ancestorTitles":["GET /api/orders/fetchlist"],"duration":32,"failing":false,"failureDetails":[],"failureMessages":[],"fullName":"GET /api/orders/fetchlist invalid date returns 400 error","invocations":1,"location":null,"numPassingAsserts":2,"retryReasons":[],"startAt":1764828458263,"status":"passed","title":"invalid date returns 400 error"},{"ancestorTitles":["GET /api/orders/fetchlist"],"duration":33,"failing":false,"failureDetails":[],"failureMessages":[],"fullName":"GET /api/orders/fetchlist respects MAX_LIMIT of 200","invocations":1,"location":null,"numPassingAsserts":1,"retryReasons":[],"startAt":1764828458296,"status":"passed","title":"respects MAX_LIMIT of 200"},{"ancestorTitles":["GET /api/orders/fetchlist/vendor/:vendorId"],"duration":23,"failing":false,"failureDetails":[],"failureMessages":[],"fullName":"GET /api/orders/fetchlist/vendor/:vendorId proxy endpoint requires service token","invocations":1,"location":null,"numPassingAsserts":2,"retryReasons":[],"startAt":1764828458329,"status":"passed","title":"proxy endpoint requires service token"},{"ancestorTitles":["GET /api/orders/fetchlist/vendor/:vendorId"],"duration":22,"failing":false,"failureDetails":[],"failureMessages":[],"fullName":"GET /api/orders/fetchlist/vendor/:vendorId proxy endpoint rejects invalid service token","invocations":1,"location":null,"numPassingAsserts":2,"retryReasons":[],"startAt":1764828458352,"status":"passed","title":"proxy endpoint rejects invalid service token"},{"ancestorTitles":["GET /api/orders/fetchlist/vendor/:vendorId"],"duration":20,"failing":false,"failureDetails":[],"failureMessages":[],"fullName":"GET /api/orders/fetchlist/vendor/:vendorId proxy endpoint returns orders with valid service token","invocations":1,"location":null,"numPassingAsserts":3,"retryReasons":[],"startAt":1764828458374,"status":"passed","title":"proxy endpoint returns orders with valid service token"},{"ancestorTitles":["GET /api/orders/fetchlist/vendor/:vendorId"],"duration":18,"failing":false,"failureDetails":[],"failureMessages":[],"fullName":"GET /api/orders/fetchlist/vendor/:vendorId proxy endpoint supports pagination","invocations":1,"location":null,"numPassingAsserts":5,"retryReasons":[],"startAt":1764828458394,"status":"passed","title":"proxy endpoint supports pagination"},{"ancestorTitles":["GET /api/orders/fetchlist/vendor/:vendorId"],"duration":18,"failing":false,"failureDetails":[],"failureMessages":[],"fullName":"GET /api/orders/fetchlist/vendor/:vendorId proxy endpoint supports status filter","invocations":1,"location":null,"numPassingAsserts":3,"retryReasons":[],"startAt":1764828458412,"status":"passed","title":"proxy endpoint supports status filter"},{"ancestorTitles":["GET /api/orders/fetchlist/vendor/:vendorId"],"duration":10,"failing":false,"failureDetails":[],"failureMessages":[],"fullName":"GET /api/orders/fetchlist/vendor/:vendorId proxy endpoint returns 400 for missing vendorId","invocations":1,"location":null,"numPassingAsserts":0,"retryReasons":[],"startAt":1764828458431,"status":"passed","title":"proxy endpoint returns 400 for missing vendorId"}],"endTime":1764828458596,"message":"","name":"C:\\Users\\indcr\\OneDrive\\Desktop\\backend_server\\tests\\ordersFetchList.test.js","startTime":1764828456965,"status":"passed","summary":""},{"assertionResults":[{"ancestorTitles":["Earnings Module","GET /api/earnings/summary"],"duration":129,"failing":false,"failureDetails":[],"failureMessages":[],"fullName":"Earnings Module GET /api/earnings/summary should return zeros when no confirmed payment requests exist","invocations":1,"location":null,"numPassingAsserts":2,"retryReasons":[],"startAt":1764828459435,"status":"passed","title":"should return zeros when no confirmed payment requests exist"},{"ancestorTitles":["Earnings Module","GET /api/earnings/summary"],"duration":77,"failing":false,"failureDetails":[],"failureMessages":[],"fullName":"Earnings Module GET /api/earnings/summary should compute totalToday, totalMonth, totalAllTime correctly","invocations":1,"location":null,"numPassingAsserts":5,"retryReasons":[],"startAt":1764828459565,"status":"passed","title":"should compute totalToday, totalMonth, totalAllTime correctly"},{"ancestorTitles":["Earnings Module","GET /api/earnings/summary"],"duration":30,"failing":false,"failureDetails":[],"failureMessages":[],"fullName":"Earnings Module GET /api/earnings/summary should compute pending correctly","invocations":1,"location":null,"numPassingAsserts":3,"retryReasons":[],"startAt":1764828459643,"status":"passed","title":"should compute pending correctly"},{"ancestorTitles":["Earnings Module","GET /api/earnings/summary"],"duration":20,"failing":false,"failureDetails":[],"failureMessages":[],"fullName":"Earnings Module GET /api/earnings/summary should enforce authorization - no token","invocations":1,"location":null,"numPassingAsserts":0,"retryReasons":[],"startAt":1764828459674,"status":"passed","title":"should enforce authorization - no token"},{"ancestorTitles":["Earnings Module","GET /api/earnings/summary"],"duration":20,"failing":false,"failureDetails":[],"failureMessages":[],"fullName":"Earnings Module GET /api/earnings/summary should not allow vendor to access other vendor data","invocations":1,"location":null,"numPassingAsserts":1,"retryReasons":[],"startAt":1764828459695,"status":"passed","title":"should not allow vendor to access other vendor data"},{"ancestorTitles":["Earnings Module","GET /api/earnings/summary"],"duration":14,"failing":false,"failureDetails":[],"failureMessages":[],"fullName":"Earnings Module GET /api/earnings/summary should return 400 for invalid start date","invocations":1,"location":null,"numPassingAsserts":0,"retryReasons":[],"startAt":1764828459715,"status":"passed","title":"should return 400 for invalid start date"},{"ancestorTitles":["Earnings Module","GET /api/earnings/summary"],"duration":12,"failing":false,"failureDetails":[],"failureMessages":[],"fullName":"Earnings Module GET /api/earnings/summary should return 400 for invalid end date","invocations":1,"location":null,"numPassingAsserts":0,"retryReasons":[],"startAt":1764828459730,"status":"passed","title":"should return 400 for invalid end date"},{"ancestorTitles":["Earnings Module","GET /api/earnings/history"],"duration":18,"failing":false,"failureDetails":[],"failureMessages":[],"fullName":"Earnings Module GET /api/earnings/history should return empty rows when no confirmed payments","invocations":1,"location":null,"numPassingAsserts":4,"retryReasons":[],"startAt":1764828459743,"status":"passed","title":"should return empty rows when no confirmed payments"},{"ancestorTitles":["Earnings Module","GET /api/earnings/history"],"duration":25,"failing":false,"failureDetails":[],"failureMessages":[],"fullName":"Earnings Module GET /api/earnings/history should return rows sorted by confirmedAt DESC","invocations":1,"location":null,"numPassingAsserts":7,"retryReasons":[],"startAt":1764828459762,"status":"passed","title":"should return rows sorted by confirmedAt DESC"},{"ancestorTitles":["Earnings Module","GET /api/earnings/history"],"duration":25,"failing":false,"failureDetails":[],"failureMessages":[],"fullName":"Earnings Module GET /api/earnings/history should filter by from/to dates correctly","invocations":1,"location":null,"numPassingAsserts":4,"retryReasons":[],"startAt":1764828459788,"status":"passed","title":"should filter by from/to dates correctly"},{"ancestorTitles":["Earnings Module","GET /api/earnings/history"],"duration":48,"failing":false,"failureDetails":[],"failureMessages":[],"fullName":"Earnings Module GET /api/earnings/history should paginate correctly with limit and offset","invocations":1,"location":null,"numPassingAsserts":10,"retryReasons":[],"startAt":1764828459814,"status":"passed","title":"should paginate correctly with limit and offset"},{"ancestorTitles":["Earnings Module","GET /api/earnings/history"],"duration":44,"failing":false,"failureDetails":[],"failureMessages":[],"fullName":"Earnings Module GET /api/earnings/history should support page/perPage params","invocations":1,"location":null,"numPassingAsserts":4,"retryReasons":[],"startAt":1764828459862,"status":"passed","title":"should support page/perPage params"},{"ancestorTitles":["Earnings Module","GET /api/earnings/history"],"duration":18,"failing":false,"failureDetails":[],"failureMessages":[],"fullName":"Earnings Module GET /api/earnings/history should enforce max limit of 200","invocations":1,"location":null,"numPassingAsserts":1,"retryReasons":[],"startAt":1764828459906,"status":"passed","title":"should enforce max limit of 200"},{"ancestorTitles":["Earnings Module","GET /api/earnings/history"],"duration":18,"failing":false,"failureDetails":[],"failureMessages":[],"fullName":"Earnings Module GET /api/earnings/history should enforce authorization - no token","invocations":1,"location":null,"numPassingAsserts":0,"retryReasons":[],"startAt":1764828459925,"status":"passed","title":"should enforce authorization - no token"},{"ancestorTitles":["Earnings Module","GET /api/earnings/history"],"duration":12,"failing":false,"failureDetails":[],"failureMessages":[],"fullName":"Earnings Module GET /api/earnings/history should return 400 for invalid from date","invocations":1,"location":null,"numPassingAsserts":0,"retryReasons":[],"startAt":1764828459944,"status":"passed","title":"should return 400 for invalid from date"},{"ancestorTitles":["Earnings Module","GET /api/earnings/history"],"duration":15,"failing":false,"failureDetails":[],"failureMessages":[],"fullName":"Earnings Module GET /api/earnings/history should return 400 for invalid to date","invocations":1,"location":null,"numPassingAsserts":0,"retryReasons":[],"startAt":1764828459957,"status":"passed","title":"should return 400 for invalid to date"},{"ancestorTitles":["Earnings Module","GET /api/earnings/history"],"duration":16,"failing":false,"failureDetails":[],"failureMessages":[],"fullName":"Earnings Module GET /api/earnings/history should return 400 for invalid limit","invocations":1,"location":null,"numPassingAsserts":0,"retryReasons":[],"startAt":1764828459973,"status":"passed","title":"should return 400 for invalid limit"},{"ancestorTitles":["Earnings Module","GET /api/earnings/history"],"duration":21,"failing":false,"failureDetails":[],"failureMessages":[],"fullName":"Earnings Module GET /api/earnings/history should return 400 for invalid offset","invocations":1,"location":null,"numPassingAsserts":0,"retryReasons":[],"startAt":1764828459990,"status":"passed","title":"should return 400 for invalid offset"},{"ancestorTitles":["Earnings Module","GET /api/earnings/history"],"duration":21,"failing":false,"failureDetails":[],"failureMessages":[],"fullName":"Earnings Module GET /api/earnings/history should include orderId, paymentMethod, status in rows","invocations":1,"location":null,"numPassingAsserts":10,"retryReasons":[],"startAt":1764828460012,"status":"passed","title":"should include orderId, paymentMethod, status in rows"}],"endTime":1764828460217,"message":"","name":"C:\\Users\\indcr\\OneDrive\\Desktop\\backend_server\\tests\\earnings.test.js","startTime":1764828458613,"status":"passed","summary":""},{"assertionResults":[{"ancestorTitles":["Vendor Presence API","POST /api/vendors/me/presence - Authentication"],"duration":153,"failing":false,"failureDetails":[],"failureMessages":[],"fullName":"Vendor Presence API POST /api/vendors/me/presence - Authentication should return 401 without authorization token","invocations":1,"location":null,"numPassingAsserts":2,"retryReasons":[],"startAt":1764828461080,"status":"passed","title":"should return 401 without authorization token"},{"ancestorTitles":["Vendor Presence API","POST /api/vendors/me/presence - Authentication"],"duration":26,"failing":false,"failureDetails":[],"failureMessages":[],"fullName":"Vendor Presence API POST /api/vendors/me/presence - Authentication should return 401 with invalid token","invocations":1,"location":null,"numPassingAsserts":1,"retryReasons":[],"startAt":1764828461235,"status":"passed","title":"should return 401 with invalid token"},{"ancestorTitles":["Vendor Presence API","POST /api/vendors/me/presence - Validation"],"duration":18,"failing":false,"failureDetails":[],"failureMessages":[],"fullName":"Vendor Presence API POST /api/vendors/me/presence - Validation should reject request without online field","invocations":1,"location":null,"numPassingAsserts":4,"retryReasons":[],"startAt":1764828461261,"status":"passed","title":"should reject request without online field"},{"ancestorTitles":["Vendor Presence API","POST /api/vendors/me/presence - Validation"],"duration":15,"failing":false,"failureDetails":[],"failureMessages":[],"fullName":"Vendor Presence API POST /api/vendors/me/presence - Validation should reject invalid online value","invocations":1,"location":null,"numPassingAsserts":3,"retryReasons":[],"startAt":1764828461280,"status":"passed","title":"should reject invalid online value"},{"ancestorTitles":["Vendor Presence API","POST /api/vendors/me/presence - Validation"],"duration":14,"failing":false,"failureDetails":[],"failureMessages":[],"fullName":"Vendor Presence API POST /api/vendors/me/presence - Validation should reject invalid latitude","invocations":1,"location":null,"numPassingAsserts":3,"retryReasons":[],"startAt":1764828461295,"status":"passed","title":"should reject invalid latitude"},{"ancestorTitles":["Vendor Presence API","POST /api/vendors/me/presence - Validation"],"duration":12,"failing":false,"failureDetails":[],"failureMessages":[],"fullName":"Vendor Presence API POST /api/vendors/me/presence - Validation should reject invalid longitude","invocations":1,"location":null,"numPassingAsserts":3,"retryReasons":[],"startAt":1764828461309,"status":"passed","title":"should reject invalid longitude"},{"ancestorTitles":["Vendor Presence API","POST /api/vendors/me/presence - Validation"],"duration":12,"failing":false,"failureDetails":[],"failureMessages":[],"fullName":"Vendor Presence API POST /api/vendors/me/presence - Validation should reject negative accuracy","invocations":1,"location":null,"numPassingAsserts":3,"retryReasons":[],"startAt":1764828461321,"status":"passed","title":"should reject negative accuracy"},{"ancestorTitles":["Vendor Presence API","POST /api/vendors/me/presence - Validation"],"duration":12,"failing":false,"failureDetails":[],"failureMessages":[],"fullName":"Vendor Presence API POST /api/vendors/me/presence - Validation should reject lat without lng","invocations":1,"location":null,"numPassingAsserts":3,"retryReasons":[],"startAt":1764828461334,"status":"passed","title":"should reject lat without lng"},{"ancestorTitles":["Vendor Presence API","POST /api/vendors/me/presence - Validation"],"duration":12,"failing":false,"failureDetails":[],"failureMessages":[],"fullName":"Vendor Presence API POST /api/vendors/me/presence - Validation should reject lng without lat","invocations":1,"location":null,"numPassingAsserts":3,"retryReasons":[],"startAt":1764828461346,"status":"passed","title":"should reject lng without lat"},{"ancestorTitles":["Vendor Presence API","POST /api/vendors/me/presence - Online with Location"],"duration":21,"failing":false,"failureDetails":[],"failureMessages":[],"fullName":"Vendor Presence API POST /api/vendors/me/presence - Online with Location should create presence record when vendor goes online with location","invocations":1,"location":null,"numPassingAsserts":14,"retryReasons":[],"startAt":1764828461358,"status":"passed","title":"should create presence record when vendor goes online with location"},{"ancestorTitles":["Vendor Presence API","POST /api/vendors/me/presence - Online with Location"],"duration":23,"failing":false,"failureDetails":[],"failureMessages":[],"fullName":"Vendor Presence API POST /api/vendors/me/presence - Online with Location should update existing presence record with new location","invocations":1,"location":null,"numPassingAsserts":6,"retryReasons":[],"startAt":1764828461380,"status":"passed","title":"should update existing presence record with new location"},{"ancestorTitles":["Vendor Presence API","POST /api/vendors/me/presence - Online with Location"],"duration":140,"failing":false,"failureDetails":[],"failureMessages":[],"fullName":"Vendor Presence API POST /api/vendors/me/presence - Online with Location should update expiresAt timestamp on repeated heartbeats","invocations":1,"location":null,"numPassingAsserts":1,"retryReasons":[],"startAt":1764828461404,"status":"passed","title":"should update expiresAt timestamp on repeated heartbeats"},{"ancestorTitles":["Vendor Presence API","POST /api/vendors/me/presence - Online without Location"],"duration":15,"failing":false,"failureDetails":[],"failureMessages":[],"fullName":"Vendor Presence API POST /api/vendors/me/presence - Online without Location should create presence record without location when coords not provided","invocations":1,"location":null,"numPassingAsserts":7,"retryReasons":[],"startAt":1764828461545,"status":"passed","title":"should create presence record without location when coords not provided"},{"ancestorTitles":["Vendor Presence API","POST /api/vendors/me/presence - Online without Location"],"duration":20,"failing":false,"failureDetails":[],"failureMessages":[],"fullName":"Vendor Presence API POST /api/vendors/me/presence - Online without Location should preserve last location if new heartbeat has no coords","invocations":1,"location":null,"numPassingAsserts":4,"retryReasons":[],"startAt":1764828461561,"status":"passed","title":"should preserve last location if new heartbeat has no coords"},{"ancestorTitles":["Vendor Presence API","POST /api/vendors/me/presence - Offline"],"duration":21,"failing":false,"failureDetails":[],"failureMessages":[],"fullName":"Vendor Presence API POST /api/vendors/me/presence - Offline should delete presence record when vendor goes offline","invocations":1,"location":null,"numPassingAsserts":6,"retryReasons":[],"startAt":1764828461582,"status":"passed","title":"should delete presence record when vendor goes offline"},{"ancestorTitles":["Vendor Presence API","POST /api/vendors/me/presence - Offline"],"duration":12,"failing":false,"failureDetails":[],"failureMessages":[],"fullName":"Vendor Presence API POST /api/vendors/me/presence - Offline should handle offline request when vendor was not online","invocations":1,"location":null,"numPassingAsserts":3,"retryReasons":[],"startAt":1764828461603,"status":"passed","title":"should handle offline request when vendor was not online"},{"ancestorTitles":["Vendor Presence API","GET /api/vendors/me/presence"],"duration":12,"failing":false,"failureDetails":[],"failureMessages":[],"fullName":"Vendor Presence API GET /api/vendors/me/presence should return offline status when no presence record exists","invocations":1,"location":null,"numPassingAsserts":4,"retryReasons":[],"startAt":1764828461615,"status":"passed","title":"should return offline status when no presence record exists"},{"ancestorTitles":["Vendor Presence API","GET /api/vendors/me/presence"],"duration":18,"failing":false,"failureDetails":[],"failureMessages":[],"fullName":"Vendor Presence API GET /api/vendors/me/presence should return current presence status when vendor is online","invocations":1,"location":null,"numPassingAsserts":7,"retryReasons":[],"startAt":1764828461627,"status":"passed","title":"should return current presence status when vendor is online"},{"ancestorTitles":["Vendor Presence API","GET /api/vendors/presence/online"],"duration":25,"failing":false,"failureDetails":[],"failureMessages":[],"fullName":"Vendor Presence API GET /api/vendors/presence/online should return all online vendors","invocations":1,"location":null,"numPassingAsserts":4,"retryReasons":[],"startAt":1764828461646,"status":"passed","title":"should return all online vendors"},{"ancestorTitles":["Vendor Presence API","GET /api/vendors/presence/online"],"duration":11,"failing":false,"failureDetails":[],"failureMessages":[],"fullName":"Vendor Presence API GET /api/vendors/presence/online should return empty array when no vendors are online","invocations":1,"location":null,"numPassingAsserts":4,"retryReasons":[],"startAt":1764828461672,"status":"passed","title":"should return empty array when no vendors are online"},{"ancestorTitles":["Vendor Presence API","GET /api/vendors/presence/nearby - Geospatial Queries"],"duration":30,"failing":false,"failureDetails":[],"failureMessages":[],"fullName":"Vendor Presence API GET /api/vendors/presence/nearby - Geospatial Queries should find vendors near a specific location","invocations":1,"location":null,"numPassingAsserts":4,"retryReasons":[],"startAt":1764828461683,"status":"passed","title":"should find vendors near a specific location"},{"ancestorTitles":["Vendor Presence API","GET /api/vendors/presence/nearby - Geospatial Queries"],"duration":33,"failing":false,"failureDetails":[],"failureMessages":[],"fullName":"Vendor Presence API GET /api/vendors/presence/nearby - Geospatial Queries should use default maxDistance when not provided","invocations":1,"location":null,"numPassingAsserts":3,"retryReasons":[],"startAt":1764828461714,"status":"passed","title":"should use default maxDistance when not provided"},{"ancestorTitles":["Vendor Presence API","GET /api/vendors/presence/nearby - Geospatial Queries"],"duration":32,"failing":false,"failureDetails":[],"failureMessages":[],"fullName":"Vendor Presence API GET /api/vendors/presence/nearby - Geospatial Queries should reject request without lat","invocations":1,"location":null,"numPassingAsserts":3,"retryReasons":[],"startAt":1764828461747,"status":"passed","title":"should reject request without lat"},{"ancestorTitles":["Vendor Presence API","GET /api/vendors/presence/nearby - Geospatial Queries"],"duration":35,"failing":false,"failureDetails":[],"failureMessages":[],"fullName":"Vendor Presence API GET /api/vendors/presence/nearby - Geospatial Queries should reject request without lng","invocations":1,"location":null,"numPassingAsserts":3,"retryReasons":[],"startAt":1764828461779,"status":"passed","title":"should reject request without lng"},{"ancestorTitles":["Vendor Presence API","GET /api/vendors/presence/nearby - Geospatial Queries"],"duration":31,"failing":false,"failureDetails":[],"failureMessages":[],"fullName":"Vendor Presence API GET /api/vendors/presence/nearby - Geospatial Queries should validate latitude range","invocations":1,"location":null,"numPassingAsserts":3,"retryReasons":[],"startAt":1764828461815,"status":"passed","title":"should validate latitude range"},{"ancestorTitles":["Vendor Presence API","GET /api/vendors/presence/nearby - Geospatial Queries"],"duration":31,"failing":false,"failureDetails":[],"failureMessages":[],"fullName":"Vendor Presence API GET /api/vendors/presence/nearby - Geospatial Queries should validate longitude range","invocations":1,"location":null,"numPassingAsserts":3,"retryReasons":[],"startAt":1764828461847,"status":"passed","title":"should validate longitude range"},{"ancestorTitles":["Vendor Presence API","Rate Limiting"],"duration":33,"failing":false,"failureDetails":[],"failureMessages":[],"fullName":"Vendor Presence API Rate Limiting should enforce rate limit on presence updates","invocations":1,"location":null,"numPassingAsserts":3,"retryReasons":[],"startAt":1764828461878,"status":"passed","title":"should enforce rate limit on presence updates"},{"ancestorTitles":["Vendor Presence API","TTL Behavior"],"duration":17,"failing":false,"failureDetails":[],"failureMessages":[],"fullName":"Vendor Presence API TTL Behavior should set expiresAt to current time + TTL","invocations":1,"location":null,"numPassingAsserts":3,"retryReasons":[],"startAt":1764828461912,"status":"passed","title":"should set expiresAt to current time + TTL"},{"ancestorTitles":["Vendor Presence API","TTL Behavior"],"duration":17,"failing":false,"failureDetails":[],"failureMessages":[],"fullName":"Vendor Presence API TTL Behavior should include TTL seconds in response","invocations":1,"location":null,"numPassingAsserts":2,"retryReasons":[],"startAt":1764828461929,"status":"passed","title":"should include TTL seconds in response"},{"ancestorTitles":["Vendor Presence API","Multiple Vendors Independence"],"duration":40,"failing":false,"failureDetails":[],"failureMessages":[],"fullName":"Vendor Presence API Multiple Vendors Independence should maintain independent presence records for different vendors","invocations":1,"location":null,"numPassingAsserts":5,"retryReasons":[],"startAt":1764828461947,"status":"passed","title":"should maintain independent presence records for different vendors"}],"endTime":1764828462151,"message":"","name":"C:\\Users\\indcr\\OneDrive\\Desktop\\backend_server\\tests\\vendorPresence.test.js","startTime":1764828460234,"status":"passed","summary":""},{"assertionResults":[{"ancestorTitles":["Orders API"],"duration":219,"failing":false,"failureDetails":[],"failureMessages":[],"fullName":"Orders API GET /api/orders returns vendor orders with pagination","invocations":1,"location":null,"numPassingAsserts":4,"retryReasons":[],"startAt":1764828463180,"status":"passed","title":"GET /api/orders returns vendor orders with pagination"},{"ancestorTitles":["Orders API"],"duration":45,"failing":false,"failureDetails":[],"failureMessages":[],"fullName":"Orders API POST /api/orders/:id/accept idempotent success","invocations":1,"location":null,"numPassingAsserts":5,"retryReasons":[],"startAt":1764828463400,"status":"passed","title":"POST /api/orders/:id/accept idempotent success"},{"ancestorTitles":["Orders API"],"duration":43,"failing":false,"failureDetails":[],"failureMessages":[],"fullName":"Orders API POST /api/orders/:id/accept conflict when already accepted by other vendor","invocations":1,"location":null,"numPassingAsserts":1,"retryReasons":[],"startAt":1764828463445,"status":"passed","title":"POST /api/orders/:id/accept conflict when already accepted by other vendor"},{"ancestorTitles":["Orders API"],"duration":40,"failing":false,"failureDetails":[],"failureMessages":[],"fullName":"Orders API POST /api/orders/:id/reject works","invocations":1,"location":null,"numPassingAsserts":2,"retryReasons":[],"startAt":1764828463489,"status":"passed","title":"POST /api/orders/:id/reject works"},{"ancestorTitles":["Orders API"],"duration":60,"failing":false,"failureDetails":[],"failureMessages":[],"fullName":"Orders API POST /api/orders/:id/start and complete transitions","invocations":1,"location":null,"numPassingAsserts":5,"retryReasons":[],"startAt":1764828463530,"status":"passed","title":"POST /api/orders/:id/start and complete transitions"}],"endTime":1764828463833,"message":"","name":"C:\\Users\\indcr\\OneDrive\\Desktop\\backend_server\\tests\\orders.test.js","startTime":1764828462179,"status":"passed","summary":""},{"assertionResults":[{"ancestorTitles":["Vendor Profile Endpoints","GET /api/vendors/me"],"duration":34,"failing":false,"failureDetails":[],"failureMessages":[],"fullName":"Vendor Profile Endpoints GET /api/vendors/me should return 401 without authorization token","invocations":1,"location":null,"numPassingAsserts":2,"retryReasons":[],"startAt":1764828464848,"status":"passed","title":"should return 401 without authorization token"},{"ancestorTitles":["Vendor Profile Endpoints","GET /api/vendors/me"],"duration":30,"failing":false,"failureDetails":[],"failureMessages":[],"fullName":"Vendor Profile Endpoints GET /api/vendors/me should return 401 with invalid token","invocations":1,"location":null,"numPassingAsserts":1,"retryReasons":[],"startAt":1764828464883,"status":"passed","title":"should return 401 with invalid token"},{"ancestorTitles":["Vendor Profile Endpoints","GET /api/vendors/me"],"duration":14,"failing":false,"failureDetails":[],"failureMessages":[],"fullName":"Vendor Profile Endpoints GET /api/vendors/me should return 404 for pre-registration user (no vendor profile)","invocations":1,"location":null,"numPassingAsserts":3,"retryReasons":[],"startAt":1764828464914,"status":"passed","title":"should return 404 for pre-registration user (no vendor profile)"},{"ancestorTitles":["Vendor Profile Endpoints","GET /api/vendors/me"],"duration":106,"failing":false,"failureDetails":[],"failureMessages":[],"fullName":"Vendor Profile Endpoints GET /api/vendors/me should return vendor profile with ok:true format for authenticated user","invocations":1,"location":null,"numPassingAsserts":7,"retryReasons":[],"startAt":1764828464928,"status":"passed","title":"should return vendor profile with ok:true format for authenticated user"},{"ancestorTitles":["Vendor Profile Endpoints","GET /api/vendors/me"],"duration":19,"failing":false,"failureDetails":[],"failureMessages":[],"fullName":"Vendor Profile Endpoints GET /api/vendors/me should return complete vendor data including all fields","invocations":1,"location":null,"numPassingAsserts":12,"retryReasons":[],"startAt":1764828465034,"status":"passed","title":"should return complete vendor data including all fields"},{"ancestorTitles":["Vendor Profile Endpoints","PATCH /api/vendors/me"],"duration":22,"failing":false,"failureDetails":[],"failureMessages":[],"fullName":"Vendor Profile Endpoints PATCH /api/vendors/me should return 401 without authorization token","invocations":1,"location":null,"numPassingAsserts":1,"retryReasons":[],"startAt":1764828465054,"status":"passed","title":"should return 401 without authorization token"},{"ancestorTitles":["Vendor Profile Endpoints","PATCH /api/vendors/me"],"duration":13,"failing":false,"failureDetails":[],"failureMessages":[],"fullName":"Vendor Profile Endpoints PATCH /api/vendors/me should return 404 for pre-registration user","invocations":1,"location":null,"numPassingAsserts":3,"retryReasons":[],"startAt":1764828465077,"status":"passed","title":"should return 404 for pre-registration user"},{"ancestorTitles":["Vendor Profile Endpoints","PATCH /api/vendors/me"],"duration":16,"failing":false,"failureDetails":[],"failureMessages":[],"fullName":"Vendor Profile Endpoints PATCH /api/vendors/me should update vendorName successfully","invocations":1,"location":null,"numPassingAsserts":3,"retryReasons":[],"startAt":1764828465091,"status":"passed","title":"should update vendorName successfully"},{"ancestorTitles":["Vendor Profile Endpoints","PATCH /api/vendors/me"],"duration":15,"failing":false,"failureDetails":[],"failureMessages":[],"fullName":"Vendor Profile Endpoints PATCH /api/vendors/me should update multiple fields at once","invocations":1,"location":null,"numPassingAsserts":7,"retryReasons":[],"startAt":1764828465108,"status":"passed","title":"should update multiple fields at once"},{"ancestorTitles":["Vendor Profile Endpoints","PATCH /api/vendors/me"],"duration":17,"failing":false,"failureDetails":[],"failureMessages":[],"fullName":"Vendor Profile Endpoints PATCH /api/vendors/me should update selectedServices with array","invocations":1,"location":null,"numPassingAsserts":3,"retryReasons":[],"startAt":1764828465124,"status":"passed","title":"should update selectedServices with array"},{"ancestorTitles":["Vendor Profile Endpoints","PATCH /api/vendors/me"],"duration":17,"failing":false,"failureDetails":[],"failureMessages":[],"fullName":"Vendor Profile Endpoints PATCH /api/vendors/me should update selectedServices with JSON string","invocations":1,"location":null,"numPassingAsserts":3,"retryReasons":[],"startAt":1764828465142,"status":"passed","title":"should update selectedServices with JSON string"},{"ancestorTitles":["Vendor Profile Endpoints","PATCH /api/vendors/me"],"duration":17,"failing":false,"failureDetails":[],"failureMessages":[],"fullName":"Vendor Profile Endpoints PATCH /api/vendors/me should update selectedServices with CSV string","invocations":1,"location":null,"numPassingAsserts":3,"retryReasons":[],"startAt":1764828465160,"status":"passed","title":"should update selectedServices with CSV string"},{"ancestorTitles":["Vendor Profile Endpoints","PATCH /api/vendors/me"],"duration":15,"failing":false,"failureDetails":[],"failureMessages":[],"fullName":"Vendor Profile Endpoints PATCH /api/vendors/me should normalize gender to lowercase","invocations":1,"location":null,"numPassingAsserts":3,"retryReasons":[],"startAt":1764828465177,"status":"passed","title":"should normalize gender to lowercase"},{"ancestorTitles":["Vendor Profile Endpoints","PATCH /api/vendors/me"],"duration":15,"failing":false,"failureDetails":[],"failureMessages":[],"fullName":"Vendor Profile Endpoints PATCH /api/vendors/me should handle partial updates correctly","invocations":1,"location":null,"numPassingAsserts":5,"retryReasons":[],"startAt":1764828465193,"status":"passed","title":"should handle partial updates correctly"},{"ancestorTitles":["Vendor Profile Endpoints","PATCH /api/vendors/me"],"duration":14,"failing":false,"failureDetails":[],"failureMessages":[],"fullName":"Vendor Profile Endpoints PATCH /api/vendors/me should reject empty vendorName","invocations":1,"location":null,"numPassingAsserts":3,"retryReasons":[],"startAt":1764828465208,"status":"passed","title":"should reject empty vendorName"},{"ancestorTitles":["Vendor Profile Endpoints","PATCH /api/vendors/me"],"duration":10,"failing":false,"failureDetails":[],"failureMessages":[],"fullName":"Vendor Profile Endpoints PATCH /api/vendors/me should reject vendorName exceeding 100 characters","invocations":1,"location":null,"numPassingAsserts":4,"retryReasons":[],"startAt":1764828465222,"status":"passed","title":"should reject vendorName exceeding 100 characters"},{"ancestorTitles":["Vendor Profile Endpoints","PATCH /api/vendors/me"],"duration":8,"failing":false,"failureDetails":[],"failureMessages":[],"fullName":"Vendor Profile Endpoints PATCH /api/vendors/me should reject invalid gender value","invocations":1,"location":null,"numPassingAsserts":3,"retryReasons":[],"startAt":1764828465233,"status":"passed","title":"should reject invalid gender value"},{"ancestorTitles":["Vendor Profile Endpoints","PATCH /api/vendors/me"],"duration":8,"failing":false,"failureDetails":[],"failureMessages":[],"fullName":"Vendor Profile Endpoints PATCH /api/vendors/me should reject non-string businessName","invocations":1,"location":null,"numPassingAsserts":2,"retryReasons":[],"startAt":1764828465242,"status":"passed","title":"should reject non-string businessName"},{"ancestorTitles":["Vendor Profile Endpoints","PATCH /api/vendors/me"],"duration":8,"failing":false,"failureDetails":[],"failureMessages":[],"fullName":"Vendor Profile Endpoints PATCH /api/vendors/me should return error when no fields are provided","invocations":1,"location":null,"numPassingAsserts":3,"retryReasons":[],"startAt":1764828465250,"status":"passed","title":"should return error when no fields are provided"},{"ancestorTitles":["Vendor Profile Endpoints","PATCH /api/vendors/me"],"duration":10,"failing":false,"failureDetails":[],"failureMessages":[],"fullName":"Vendor Profile Endpoints PATCH /api/vendors/me should sanitize HTML from input fields","invocations":1,"location":null,"numPassingAsserts":6,"retryReasons":[],"startAt":1764828465259,"status":"passed","title":"should sanitize HTML from input fields"},{"ancestorTitles":["Vendor Profile Endpoints","PATCH /api/vendors/me"],"duration":10,"failing":false,"failureDetails":[],"failureMessages":[],"fullName":"Vendor Profile Endpoints PATCH /api/vendors/me should only update allowed fields","invocations":1,"location":null,"numPassingAsserts":4,"retryReasons":[],"startAt":1764828465269,"status":"passed","title":"should only update allowed fields"},{"ancestorTitles":["Vendor Profile Endpoints","PATCH /api/vendors/me"],"duration":121,"failing":false,"failureDetails":[],"failureMessages":[],"fullName":"Vendor Profile Endpoints PATCH /api/vendors/me should update updatedAt timestamp","invocations":1,"location":null,"numPassingAsserts":2,"retryReasons":[],"startAt":1764828465279,"status":"passed","title":"should update updatedAt timestamp"},{"ancestorTitles":["Vendor Profile Endpoints","PATCH /api/vendors/me"],"duration":27,"failing":false,"failureDetails":[],"failureMessages":[],"fullName":"Vendor Profile Endpoints PATCH /api/vendors/me should validate availabilityMode enum values","invocations":1,"location":null,"numPassingAsserts":10,"retryReasons":[],"startAt":1764828465401,"status":"passed","title":"should validate availabilityMode enum values"},{"ancestorTitles":["Vendor Profile Endpoints","PATCH /api/vendors/me"],"duration":10,"failing":false,"failureDetails":[],"failureMessages":[],"fullName":"Vendor Profile Endpoints PATCH /api/vendors/me should return updated vendor with all fields","invocations":1,"location":null,"numPassingAsserts":8,"retryReasons":[],"startAt":1764828465428,"status":"passed","title":"should return updated vendor with all fields"},{"ancestorTitles":["Vendor Profile Endpoints","POST /api/vendors"],"duration":13,"failing":false,"failureDetails":[],"failureMessages":[],"fullName":"Vendor Profile Endpoints POST /api/vendors should create vendor with availabilityMode=instant","invocations":1,"location":null,"numPassingAsserts":4,"retryReasons":[],"startAt":1764828465438,"status":"passed","title":"should create vendor with availabilityMode=instant"},{"ancestorTitles":["Vendor Profile Endpoints","POST /api/vendors"],"duration":7,"failing":false,"failureDetails":[],"failureMessages":[],"fullName":"Vendor Profile Endpoints POST /api/vendors should create vendor with availabilityMode=schedule","invocations":1,"location":null,"numPassingAsserts":3,"retryReasons":[],"startAt":1764828465452,"status":"passed","title":"should create vendor with availabilityMode=schedule"},{"ancestorTitles":["Vendor Profile Endpoints","POST /api/vendors"],"duration":7,"failing":false,"failureDetails":[],"failureMessages":[],"fullName":"Vendor Profile Endpoints POST /api/vendors should create vendor with availabilityMode=both","invocations":1,"location":null,"numPassingAsserts":3,"retryReasons":[],"startAt":1764828465460,"status":"passed","title":"should create vendor with availabilityMode=both"},{"ancestorTitles":["Vendor Profile Endpoints","POST /api/vendors"],"duration":7,"failing":false,"failureDetails":[],"failureMessages":[],"fullName":"Vendor Profile Endpoints POST /api/vendors should create vendor without availabilityMode (default empty string)","invocations":1,"location":null,"numPassingAsserts":3,"retryReasons":[],"startAt":1764828465467,"status":"passed","title":"should create vendor without availabilityMode (default empty string)"},{"ancestorTitles":["Vendor Profile Endpoints","POST /api/vendors"],"duration":4,"failing":false,"failureDetails":[],"failureMessages":[],"fullName":"Vendor Profile Endpoints POST /api/vendors should reject invalid availabilityMode with 400 error","invocations":1,"location":null,"numPassingAsserts":4,"retryReasons":[],"startAt":1764828465474,"status":"passed","title":"should reject invalid availabilityMode with 400 error"},{"ancestorTitles":["Vendor Profile Endpoints","POST /api/vendors"],"duration":8,"failing":false,"failureDetails":[],"failureMessages":[],"fullName":"Vendor Profile Endpoints POST /api/vendors should create vendor with empty string availabilityMode","invocations":1,"location":null,"numPassingAsserts":3,"retryReasons":[],"startAt":1764828465479,"status":"passed","title":"should create vendor with empty string availabilityMode"}],"endTime":1764828465595,"message":"","name":"C:\\Users\\indcr\\OneDrive\\Desktop\\backend_server\\tests\\vendorProfile.test.js","startTime":1764828463855,"status":"passed","summary":""},{"assertionResults":[{"ancestorTitles":["Vendor location API"],"duration":183,"failing":false,"failureDetails":[],"failureMessages":[],"fullName":"Vendor location API POST /api/vendor/location stores a location","invocations":1,"location":null,"numPassingAsserts":4,"retryReasons":[],"startAt":1764828466452,"status":"passed","title":"POST /api/vendor/location stores a location"}],"endTime":1764828466740,"message":"","name":"C:\\Users\\indcr\\OneDrive\\Desktop\\backend_server\\tests\\location.test.js","startTime":1764828465618,"status":"passed","summary":""},{"assertionResults":[{"ancestorTitles":["Socket & Push Integration - mock-order sections removed"],"duration":null,"failing":false,"failureDetails":[],"failureMessages":[],"fullName":"Socket & Push Integration - mock-order sections removed placeholder","invocations":1,"location":null,"numPassingAsserts":0,"retryReasons":[],"startAt":1764828466824,"status":"pending","title":"placeholder"}],"coverage":{},"endTime":1764828466941,"message":"","name":"C:\\Users\\indcr\\OneDrive\\Desktop\\backend_server\\tests\\socketPushIntegration.test.js","startTime":1764828466941,"status":"skipped","summary":""},{"assertionResults":[{"ancestorTitles":["Dev Mock Order API - removed"],"duration":null,"failing":false,"failureDetails":[],"failureMessages":[],"fullName":"Dev Mock Order API - removed dev mock order tests were removed as part of cleanup","invocations":1,"location":null,"numPassingAsserts":0,"retryReasons":[],"startAt":1764828466933,"status":"pending","title":"dev mock order tests were removed as part of cleanup"}],"coverage":{},"endTime":1764828466941,"message":"","name":"C:\\Users\\indcr\\OneDrive\\Desktop\\backend_server\\tests\\devOrders.test.js","startTime":1764828466941,"status":"skipped","summary":""}],"wasInterrupted":false}
